   1               		.file	"GoogleVoiceAssiantantBasedSmartDoorLock.c"
   2               	__SREG__ = 0x3f
   3               	__SP_H__ = 0x3e
   4               	__SP_L__ = 0x3d
   5               	__CCP__  = 0x34
   6               	__tmp_reg__ = 0
   7               	__zero_reg__ = 1
  15               	.Ltext0:
  16               	.global	serial_init
  18               	serial_init:
  19               	.LFB6:
  20               	.LM1:
  21               	.LVL0:
  22               	/* prologue: function */
  23               	/* frame size = 0 */
  24               	.LM2:
  25 0000 9C01      		movw r18,r24
  26 0002 40E0      		ldi r20,lo8(0)
  27 0004 50E0      		ldi r21,hi8(0)
  28               	.LVL1:
  29 0006 CA01      		movw r24,r20
  30 0008 B901      		movw r22,r18
  31 000a 6058      		subi r22,lo8(-(2000000))
  32 000c 7B47      		sbci r23,hi8(-(2000000))
  33 000e 814E      		sbci r24,hlo8(-(2000000))
  34 0010 9F4F      		sbci r25,hhi8(-(2000000))
  35 0012 F3E0      		ldi r31,3
  36 0014 660F      	1:	lsl r22
  37 0016 771F      		rol r23
  38 0018 881F      		rol r24
  39 001a 991F      		rol r25
  40 001c FA95      		dec r31
  41 001e 01F4      		brne 1b
  42 0020 E4E0      		ldi r30,4
  43 0022 220F      	1:	lsl r18
  44 0024 331F      		rol r19
  45 0026 441F      		rol r20
  46 0028 551F      		rol r21
  47 002a EA95      		dec r30
  48 002c 01F4      		brne 1b
  49               	.LVL2:
  50 002e 0E94 0000 		call __udivmodsi4
  51               	.LVL3:
  52 0032 2150      		subi r18,lo8(-(-1))
  53 0034 3040      		sbci r19,hi8(-(-1))
  54               	.LVL4:
  55               	.LM3:
  56 0036 8FEF      		ldi r24,lo8(-1)
  57 0038 8093 0000 		sts UQEnd,r24
  58 003c 8091 0000 		lds r24,UQEnd
  59 0040 8093 0000 		sts UQFront,r24
  60               	.LM4:
  61 0044 30BD      		out 64-32,r19
  62               	.LVL5:
  63               	.LM5:
  64 0046 29B9      		out 41-32,r18
  65               	.LM6:
  66 0048 86E8      		ldi r24,lo8(-122)
  67 004a 80BD      		out 64-32,r24
  68               	.LM7:
  69 004c 88E9      		ldi r24,lo8(-104)
  70 004e 8AB9      		out 42-32,r24
  71               	.LM8:
  72               	/* #APP */
  73               	 ;  42 "serial.h" 1
  74 0050 7894      		sei
  75               	 ;  0 "" 2
  76               	/* epilogue start */
  77               	.LM9:
  78               	/* #NOAPP */
  79 0052 0895      		ret
  80               	.LFE6:
  82               	.global	serial_finit
  84               	serial_finit:
  85               	.LFB7:
  86               	.LM10:
  87               	.LVL6:
  88 0054 EF92      		push r14
  89 0056 FF92      		push r15
  90 0058 0F93      		push r16
  91 005a 1F93      		push r17
  92               	/* prologue: function */
  93               	/* frame size = 0 */
  94 005c 262F      		mov r18,r22
  95               	.LM11:
  96 005e 7C01      		movw r14,r24
  97 0060 00E0      		ldi r16,lo8(0)
  98 0062 10E0      		ldi r17,hi8(0)
  99 0064 30E0      		ldi r19,lo8(0)
 100               	.LVL7:
 101 0066 40E0      		ldi r20,lo8(0)
 102 0068 50E0      		ldi r21,hi8(0)
 103               	.LVL8:
 104 006a CA01      		movw r24,r20
 105 006c B901      		movw r22,r18
 106               	.LVL9:
 107 006e 28E4      		ldi r18,lo8(125000)
 108 0070 38EE      		ldi r19,hi8(125000)
 109 0072 41E0      		ldi r20,hlo8(125000)
 110 0074 50E0      		ldi r21,hhi8(125000)
 111               	.LVL10:
 112 0076 0E94 0000 		call __mulsi3
 113 007a 6E0D      		add r22,r14
 114 007c 7F1D      		adc r23,r15
 115 007e 801F      		adc r24,r16
 116 0080 911F      		adc r25,r17
 117 0082 B3E0      		ldi r27,3
 118 0084 660F      	1:	lsl r22
 119 0086 771F      		rol r23
 120 0088 881F      		rol r24
 121 008a 991F      		rol r25
 122 008c BA95      		dec r27
 123 008e 01F4      		brne 1b
 124 0090 A4E0      		ldi r26,4
 125 0092 EE0C      	1:	lsl r14
 126 0094 FF1C      		rol r15
 127 0096 001F      		rol r16
 128 0098 111F      		rol r17
 129 009a AA95      		dec r26
 130 009c 01F4      		brne 1b
 131 009e A801      		movw r20,r16
 132 00a0 9701      		movw r18,r14
 133 00a2 0E94 0000 		call __divmodsi4
 134 00a6 2150      		subi r18,lo8(-(-1))
 135 00a8 3040      		sbci r19,hi8(-(-1))
 136               	.LVL11:
 137               	.LM12:
 138 00aa 8FEF      		ldi r24,lo8(-1)
 139               	.LVL12:
 140 00ac 8093 0000 		sts UQEnd,r24
 141 00b0 8091 0000 		lds r24,UQEnd
 142 00b4 8093 0000 		sts UQFront,r24
 143               	.LM13:
 144 00b8 30BD      		out 64-32,r19
 145               	.LVL13:
 146               	.LM14:
 147 00ba 29B9      		out 41-32,r18
 148               	.LM15:
 149 00bc 86E8      		ldi r24,lo8(-122)
 150 00be 80BD      		out 64-32,r24
 151               	.LM16:
 152 00c0 88E9      		ldi r24,lo8(-104)
 153 00c2 8AB9      		out 42-32,r24
 154               	.LM17:
 155               	/* #APP */
 156               	 ;  57 "serial.h" 1
 157 00c4 7894      		sei
 158               	 ;  0 "" 2
 159               	/* epilogue start */
 160               	.LM18:
 161               	/* #NOAPP */
 162 00c6 1F91      		pop r17
 163 00c8 0F91      		pop r16
 164 00ca FF90      		pop r15
 165 00cc EF90      		pop r14
 166 00ce 0895      		ret
 167               	.LFE7:
 169               	.global	serial_read
 171               	serial_read:
 172               	.LFB8:
 173               	.LM19:
 174               	/* prologue: function */
 175               	/* frame size = 0 */
 176               	.LM20:
 177 00d0 8091 0000 		lds r24,UQFront
 178 00d4 8F3F      		cpi r24,lo8(-1)
 179 00d6 01F4      		brne .L6
 180 00d8 E0E0      		ldi r30,lo8(0)
 181               	.LVL14:
 182 00da 00C0      		rjmp .L7
 183               	.LVL15:
 184               	.L6:
 185               	.LM21:
 186 00dc E091 0000 		lds r30,UQFront
 187 00e0 FF27      		clr r31
 188 00e2 E7FD      		sbrc r30,7
 189 00e4 F095      		com r31
 190 00e6 E050      		subi r30,lo8(-(URBuff))
 191 00e8 F040      		sbci r31,hi8(-(URBuff))
 192 00ea E081      		ld r30,Z
 193               	.LVL16:
 194               	.LM22:
 195 00ec 9091 0000 		lds r25,UQFront
 196 00f0 8091 0000 		lds r24,UQEnd
 197 00f4 9817      		cp r25,r24
 198 00f6 01F4      		brne .L8
 199               	.LM23:
 200 00f8 8FEF      		ldi r24,lo8(-1)
 201 00fa 8093 0000 		sts UQEnd,r24
 202 00fe 8091 0000 		lds r24,UQEnd
 203 0102 8093 0000 		sts UQFront,r24
 204 0106 00C0      		rjmp .L7
 205               	.L8:
 206               	.LM24:
 207 0108 8091 0000 		lds r24,UQFront
 208 010c 8F5F      		subi r24,lo8(-(1))
 209 010e 8093 0000 		sts UQFront,r24
 210               	.LM25:
 211 0112 8091 0000 		lds r24,UQFront
 212               	.L7:
 213               	.LM26:
 214 0116 8E2F      		mov r24,r30
 215               	/* epilogue start */
 216 0118 0895      		ret
 217               	.LFE8:
 219               	.global	serial_char
 221               	serial_char:
 222               	.LFB9:
 223               	.LM27:
 224               	/* prologue: function */
 225               	/* frame size = 0 */
 226               	.LVL17:
 227               	.L11:
 228               	.LM28:
 229 011a 5D9B      		sbis 43-32,5
 230 011c 00C0      		rjmp .L11
 231               	.LM29:
 232 011e 8CB9      		out 44-32,r24
 233               	/* epilogue start */
 234               	.LM30:
 235 0120 0895      		ret
 236               	.LFE9:
 238               	.global	serial_string
 240               	serial_string:
 241               	.LFB12:
 242               	.LM31:
 243               	.LVL18:
 244               	/* prologue: function */
 245               	/* frame size = 0 */
 246 0122 FC01      		movw r30,r24
 247 0124 00C0      		rjmp .L15
 248               	.LVL19:
 249               	.L18:
 250               	.LBB57:
 251               	.LBB58:
 252               	.LM32:
 253 0126 5D9B      		sbis 43-32,5
 254 0128 00C0      		rjmp .L18
 255               	.LM33:
 256 012a 8CB9      		out 44-32,r24
 257               	.LBE58:
 258               	.LBE57:
 259               	.LM34:
 260 012c 3196      		adiw r30,1
 261               	.LVL20:
 262               	.L15:
 263               	.LM35:
 264 012e 8081      		ld r24,Z
 265 0130 8823      		tst r24
 266 0132 01F4      		brne .L18
 267               	/* epilogue start */
 268               	.LM36:
 269 0134 0895      		ret
 270               	.LFE12:
 272               	.global	serial_string_P
 274               	serial_string_P:
 275               	.LFB13:
 276               	.LM37:
 277               	.LVL21:
 278               	/* prologue: function */
 279               	/* frame size = 0 */
 280 0136 00C0      		rjmp .L21
 281               	.LVL22:
 282               	.L24:
 283               	.LBB59:
 284               	.LBB60:
 285               	.LM38:
 286 0138 5D9B      		sbis 43-32,5
 287 013a 00C0      		rjmp .L24
 288               	.LM39:
 289 013c 2CB9      		out 44-32,r18
 290               	.L21:
 291 013e FC01      		movw r30,r24
 292               	.LBE60:
 293               	.LBE59:
 294               	.LBB61:
 295               	.LM40:
 296 0140 0196      		adiw r24,1
 297               	/* #APP */
 298               	 ;  133 "serial.h" 1
 299 0142 2491      		lpm r18, Z
 300               		
 301               	 ;  0 "" 2
 302               	/* #NOAPP */
 303               	.LBE61:
 304 0144 2223      		tst r18
 305 0146 01F4      		brne .L24
 306               	/* epilogue start */
 307               	.LM41:
 308 0148 0895      		ret
 309               	.LFE13:
 311               	.global	s_readbuffer
 313               	s_readbuffer:
 314               	.LFB14:
 315               	.LM42:
 316               	.LVL23:
 317 014a EF92      		push r14
 318 014c FF92      		push r15
 319 014e 0F93      		push r16
 320 0150 1F93      		push r17
 321 0152 CF93      		push r28
 322 0154 DF93      		push r29
 323               	/* prologue: function */
 324               	/* frame size = 0 */
 325 0156 7C01      		movw r14,r24
 326 0158 8B01      		movw r16,r22
 327               	.LM43:
 328 015a C0E0      		ldi r28,lo8(0)
 329 015c D0E0      		ldi r29,hi8(0)
 330               	.LVL24:
 331 015e 00C0      		rjmp .L27
 332               	.LVL25:
 333               	.L28:
 334               	.LM44:
 335 0160 0E94 0000 		call serial_read
 336 0164 F701      		movw r30,r14
 337 0166 EC0F      		add r30,r28
 338 0168 FD1F      		adc r31,r29
 339 016a 8083      		st Z,r24
 340               	.LM45:
 341 016c 2196      		adiw r28,1
 342               	.LVL26:
 343               	.L27:
 344 016e C017      		cp r28,r16
 345 0170 D107      		cpc r29,r17
 346 0172 00F0      		brlo .L28
 347               	/* epilogue start */
 348               	.LM46:
 349 0174 DF91      		pop r29
 350 0176 CF91      		pop r28
 351               	.LVL27:
 352 0178 1F91      		pop r17
 353 017a 0F91      		pop r16
 354               	.LVL28:
 355 017c FF90      		pop r15
 356 017e EF90      		pop r14
 357               	.LVL29:
 358 0180 0895      		ret
 359               	.LFE14:
 361               	.global	serial_available
 363               	serial_available:
 364               	.LFB15:
 365               	.LM47:
 366               	/* prologue: function */
 367               	/* frame size = 0 */
 368               	.LM48:
 369 0182 8091 0000 		lds r24,UQFront
 370 0186 8F3F      		cpi r24,lo8(-1)
 371 0188 01F4      		brne .L31
 372 018a 90E0      		ldi r25,lo8(0)
 373 018c 00C0      		rjmp .L32
 374               	.L31:
 375               	.LM49:
 376 018e 9091 0000 		lds r25,UQFront
 377 0192 8091 0000 		lds r24,UQEnd
 378 0196 9817      		cp r25,r24
 379 0198 04F4      		brge .L33
 380               	.LM50:
 381 019a 9091 0000 		lds r25,UQEnd
 382 019e 8091 0000 		lds r24,UQFront
 383 01a2 9F5F      		subi r25,lo8(-(1))
 384 01a4 00C0      		rjmp .L36
 385               	.L33:
 386               	.LM51:
 387 01a6 9091 0000 		lds r25,UQFront
 388 01aa 8091 0000 		lds r24,UQEnd
 389 01ae 8917      		cp r24,r25
 390 01b0 04F0      		brlt .L34
 391 01b2 91E0      		ldi r25,lo8(1)
 392 01b4 00C0      		rjmp .L32
 393               	.L34:
 394               	.LM52:
 395 01b6 9091 0000 		lds r25,UQEnd
 396 01ba 8091 0000 		lds r24,UQFront
 397 01be 935D      		subi r25,lo8(-(45))
 398               	.L36:
 399 01c0 981B      		sub r25,r24
 400               	.L32:
 401               	.LM53:
 402 01c2 892F      		mov r24,r25
 403               	/* epilogue start */
 404 01c4 0895      		ret
 405               	.LFE15:
 407               	.global	s_clearbuffer
 409               	s_clearbuffer:
 410               	.LFB16:
 411               	.LM54:
 412               	/* prologue: function */
 413               	/* frame size = 0 */
 414 01c6 00C0      		rjmp .L38
 415               	.L39:
 416               	.LM55:
 417 01c8 0E94 0000 		call serial_read
 418               	.L38:
 419               	.LM56:
 420 01cc 0E94 0000 		call serial_available
 421 01d0 8823      		tst r24
 422 01d2 01F4      		brne .L39
 423               	/* epilogue start */
 424               	.LM57:
 425 01d4 0895      		ret
 426               	.LFE16:
 428               	.global	serial_nreadw
 430               	serial_nreadw:
 431               	.LFB17:
 432               	.LM58:
 433               	.LVL30:
 434 01d6 1F93      		push r17
 435 01d8 CF93      		push r28
 436 01da DF93      		push r29
 437               	/* prologue: function */
 438               	/* frame size = 0 */
 439 01dc EC01      		movw r28,r24
 440 01de 162F      		mov r17,r22
 441               	.LVL31:
 442               	.L42:
 443               	.LM59:
 444 01e0 0E94 0000 		call serial_available
 445 01e4 8117      		cp r24,r17
 446 01e6 00F0      		brlo .L42
 447               	.LM60:
 448 01e8 CE01      		movw r24,r28
 449 01ea 612F      		mov r22,r17
 450 01ec 70E0      		ldi r23,lo8(0)
 451 01ee 0E94 0000 		call s_readbuffer
 452               	.LM61:
 453 01f2 81E0      		ldi r24,lo8(1)
 454               	/* epilogue start */
 455 01f4 DF91      		pop r29
 456 01f6 CF91      		pop r28
 457               	.LVL32:
 458 01f8 1F91      		pop r17
 459               	.LVL33:
 460 01fa 0895      		ret
 461               	.LFE17:
 463               	.global	serial_nread
 465               	serial_nread:
 466               	.LFB18:
 467               	.LM62:
 468               	.LVL34:
 469 01fc 1F93      		push r17
 470 01fe CF93      		push r28
 471 0200 DF93      		push r29
 472               	/* prologue: function */
 473               	/* frame size = 0 */
 474 0202 EC01      		movw r28,r24
 475 0204 162F      		mov r17,r22
 476               	.LM63:
 477 0206 0E94 0000 		call serial_available
 478               	.LVL35:
 479 020a 8117      		cp r24,r17
 480 020c 00F0      		brlo .L46
 481               	.LM64:
 482 020e CE01      		movw r24,r28
 483 0210 612F      		mov r22,r17
 484 0212 70E0      		ldi r23,lo8(0)
 485 0214 0E94 0000 		call s_readbuffer
 486 0218 81E0      		ldi r24,lo8(1)
 487 021a 00C0      		rjmp .L47
 488               	.L46:
 489               	.LM65:
 490 021c 1882      		st Y,__zero_reg__
 491 021e 80E0      		ldi r24,lo8(0)
 492               	.L47:
 493               	/* epilogue start */
 494               	.LM66:
 495 0220 DF91      		pop r29
 496 0222 CF91      		pop r28
 497               	.LVL36:
 498 0224 1F91      		pop r17
 499               	.LVL37:
 500 0226 0895      		ret
 501               	.LFE18:
 503               	.global	__vector_13
 505               	__vector_13:
 506               	.LFB19:
 507               	.LM67:
 508 0228 1F92      		push __zero_reg__
 509 022a 0F92      		push r0
 510 022c 0FB6      		in r0,__SREG__
 511 022e 0F92      		push r0
 512 0230 1124      		clr __zero_reg__
 513 0232 2F93      		push r18
 514 0234 3F93      		push r19
 515 0236 4F93      		push r20
 516 0238 8F93      		push r24
 517 023a 9F93      		push r25
 518 023c EF93      		push r30
 519 023e FF93      		push r31
 520               	/* prologue: Signal */
 521               	/* frame size = 0 */
 522               	.LM68:
 523 0240 4CB1      		in r20,44-32
 524               	.LVL38:
 525               	.LM69:
 526 0242 8091 0000 		lds r24,UQEnd
 527 0246 8091 0000 		lds r24,UQEnd
 528 024a 2091 0000 		lds r18,UQFront
 529 024e 9927      		clr r25
 530 0250 87FD      		sbrc r24,7
 531 0252 9095      		com r25
 532 0254 0196      		adiw r24,1
 533 0256 3327      		clr r19
 534 0258 27FD      		sbrc r18,7
 535 025a 3095      		com r19
 536 025c 8217      		cp r24,r18
 537 025e 9307      		cpc r25,r19
 538 0260 01F4      		brne .L50
 539               	.LM70:
 540 0262 8091 0000 		lds r24,UQFront
 541 0266 8F5F      		subi r24,lo8(-(1))
 542 0268 8093 0000 		sts UQFront,r24
 543               	.LM71:
 544 026c 8091 0000 		lds r24,UQFront
 545               	.L50:
 546               	.LM72:
 547 0270 8091 0000 		lds r24,UQEnd
 548               	.LM73:
 549 0274 8091 0000 		lds r24,UQEnd
 550 0278 8F5F      		subi r24,lo8(-(1))
 551 027a 8093 0000 		sts UQEnd,r24
 552               	.LM74:
 553 027e E091 0000 		lds r30,UQEnd
 554 0282 FF27      		clr r31
 555 0284 E7FD      		sbrc r30,7
 556 0286 F095      		com r31
 557 0288 E050      		subi r30,lo8(-(URBuff))
 558 028a F040      		sbci r31,hi8(-(URBuff))
 559 028c 4083      		st Z,r20
 560               	.LM75:
 561 028e 8091 0000 		lds r24,UQFront
 562 0292 8F3F      		cpi r24,lo8(-1)
 563 0294 01F4      		brne .L52
 564 0296 1092 0000 		sts UQFront,__zero_reg__
 565               	.L52:
 566               	/* epilogue start */
 567               	.LM76:
 568 029a FF91      		pop r31
 569 029c EF91      		pop r30
 570 029e 9F91      		pop r25
 571 02a0 8F91      		pop r24
 572 02a2 4F91      		pop r20
 573               	.LVL39:
 574 02a4 3F91      		pop r19
 575 02a6 2F91      		pop r18
 576 02a8 0F90      		pop r0
 577 02aa 0FBE      		out __SREG__,r0
 578 02ac 0F90      		pop r0
 579 02ae 1F90      		pop __zero_reg__
 580 02b0 1895      		reti
 581               	.LFE19:
 583               	.global	urclear
 585               	urclear:
 586               	.LFB20:
 587               	.LM77:
 588               	/* prologue: function */
 589               	/* frame size = 0 */
 590               	.LM78:
 591 02b2 80E0      		ldi r24,lo8(0)
 592 02b4 90E0      		ldi r25,hi8(0)
 593               	.LVL40:
 594               	.L54:
 595               	.LBB62:
 596               	.LM79:
 597 02b6 FC01      		movw r30,r24
 598 02b8 E050      		subi r30,lo8(-(URBuff))
 599 02ba F040      		sbci r31,hi8(-(URBuff))
 600 02bc 1082      		st Z,__zero_reg__
 601               	.LM80:
 602 02be 0196      		adiw r24,1
 603 02c0 8038      		cpi r24,128
 604 02c2 9105      		cpc r25,__zero_reg__
 605 02c4 01F4      		brne .L54
 606               	/* epilogue start */
 607               	.LBE62:
 608               	.LM81:
 609 02c6 0895      		ret
 610               	.LFE20:
 612               	.global	servo_init
 614               	servo_init:
 615               	.LFB21:
 616               	.LM82:
 617               	/* prologue: function */
 618               	/* frame size = 0 */
 619               	.LM83:
 620 02c8 8FB5      		in r24,79-32
 621 02ca 826A      		ori r24,lo8(-94)
 622 02cc 8FBD      		out 79-32,r24
 623               	.LM84:
 624 02ce 8EB5      		in r24,78-32
 625 02d0 8B61      		ori r24,lo8(27)
 626 02d2 8EBD      		out 78-32,r24
 627               	.LM85:
 628 02d4 87E8      		ldi r24,lo8(4999)
 629 02d6 93E1      		ldi r25,hi8(4999)
 630 02d8 97BD      		out (70)+1-32,r25
 631 02da 86BD      		out 70-32,r24
 632               	.LM86:
 633 02dc 81B3      		in r24,49-32
 634 02de 8063      		ori r24,lo8(48)
 635 02e0 81BB      		out 49-32,r24
 636               	/* epilogue start */
 637               	.LM87:
 638 02e2 0895      		ret
 639               	.LFE21:
 641               	.global	set_0
 643               	set_0:
 644               	.LFB22:
 645               	.LM88:
 646               	/* prologue: function */
 647               	/* frame size = 0 */
 648               	.LM89:
 649 02e4 82E8      		ldi r24,lo8(130)
 650 02e6 90E0      		ldi r25,hi8(130)
 651 02e8 9BBD      		out (74)+1-32,r25
 652 02ea 8ABD      		out 74-32,r24
 653               	/* epilogue start */
 654               	.LM90:
 655 02ec 0895      		ret
 656               	.LFE22:
 658               	.global	set_90
 660               	set_90:
 661               	.LFB23:
 662               	.LM91:
 663               	/* prologue: function */
 664               	/* frame size = 0 */
 665               	.LM92:
 666 02ee 8EE5      		ldi r24,lo8(350)
 667 02f0 91E0      		ldi r25,hi8(350)
 668 02f2 9BBD      		out (74)+1-32,r25
 669 02f4 8ABD      		out 74-32,r24
 670               	/* epilogue start */
 671               	.LM93:
 672 02f6 0895      		ret
 673               	.LFE23:
 675               	.global	set_180
 677               	set_180:
 678               	.LFB24:
 679               	.LM94:
 680               	/* prologue: function */
 681               	/* frame size = 0 */
 682               	.LM95:
 683 02f8 85E1      		ldi r24,lo8(533)
 684 02fa 92E0      		ldi r25,hi8(533)
 685 02fc 9BBD      		out (74)+1-32,r25
 686 02fe 8ABD      		out 74-32,r24
 687               	/* epilogue start */
 688               	.LM96:
 689 0300 0895      		ret
 690               	.LFE24:
 693               	lcd_write:
 694               	.LFB27:
 695               	.LM97:
 696               	.LVL41:
 697               	/* prologue: function */
 698               	/* frame size = 0 */
 699               	.LM98:
 700 0302 6623      		tst r22
 701 0304 01F0      		breq .L66
 702               	.LM99:
 703 0306 DC9A      		sbi 59-32,4
 704 0308 00C0      		rjmp .L67
 705               	.L66:
 706               	.LM100:
 707 030a DC98      		cbi 59-32,4
 708               	.L67:
 709               	.LM101:
 710 030c DD98      		cbi 59-32,5
 711               	.LM102:
 712 030e A49A      		sbi 52-32,4
 713               	.LM103:
 714 0310 A59A      		sbi 52-32,5
 715               	.LM104:
 716 0312 A69A      		sbi 52-32,6
 717               	.LM105:
 718 0314 A79A      		sbi 52-32,7
 719               	.LM106:
 720 0316 AF98      		cbi 53-32,7
 721               	.LM107:
 722 0318 AE98      		cbi 53-32,6
 723               	.LM108:
 724 031a AD98      		cbi 53-32,5
 725               	.LM109:
 726 031c AC98      		cbi 53-32,4
 727               	.LM110:
 728 031e 87FD      		sbrc r24,7
 729 0320 AF9A      		sbi 53-32,7
 730               	.L68:
 731               	.LM111:
 732 0322 86FD      		sbrc r24,6
 733               	.LVL42:
 734 0324 AE9A      		sbi 53-32,6
 735               	.L69:
 736               	.LM112:
 737 0326 85FD      		sbrc r24,5
 738 0328 AD9A      		sbi 53-32,5
 739               	.L70:
 740               	.LM113:
 741 032a 84FD      		sbrc r24,4
 742 032c AC9A      		sbi 53-32,4
 743               	.L71:
 744               	.LBB63:
 745               	.LBB64:
 746               	.LM114:
 747 032e DE9A      		sbi 59-32,6
 748               	.LM115:
 749               	/* #APP */
 750               	 ;  360 "lcd.h" 1
 751 0330 00C0      		rjmp 1f
 752               	 1:
 753               	 ;  0 "" 2
 754               	.LM116:
 755               	/* #NOAPP */
 756 0332 DE98      		cbi 59-32,6
 757               	.LBE64:
 758               	.LBE63:
 759               	.LM117:
 760 0334 AF98      		cbi 53-32,7
 761               	.LM118:
 762 0336 AE98      		cbi 53-32,6
 763               	.LM119:
 764 0338 AD98      		cbi 53-32,5
 765               	.LM120:
 766 033a AC98      		cbi 53-32,4
 767               	.LM121:
 768 033c 83FD      		sbrc r24,3
 769 033e AF9A      		sbi 53-32,7
 770               	.L72:
 771               	.LM122:
 772 0340 82FD      		sbrc r24,2
 773 0342 AE9A      		sbi 53-32,6
 774               	.L73:
 775               	.LM123:
 776 0344 81FD      		sbrc r24,1
 777 0346 AD9A      		sbi 53-32,5
 778               	.L74:
 779               	.LM124:
 780 0348 80FD      		sbrc r24,0
 781 034a AC9A      		sbi 53-32,4
 782               	.L75:
 783               	.LBB65:
 784               	.LBB66:
 785               	.LM125:
 786 034c DE9A      		sbi 59-32,6
 787               	.LM126:
 788               	/* #APP */
 789               	 ;  360 "lcd.h" 1
 790 034e 00C0      		rjmp 1f
 791               	 1:
 792               	 ;  0 "" 2
 793               	.LM127:
 794               	/* #NOAPP */
 795 0350 DE98      		cbi 59-32,6
 796               	.LBE66:
 797               	.LBE65:
 798               	.LM128:
 799 0352 AC9A      		sbi 53-32,4
 800               	.LM129:
 801 0354 AD9A      		sbi 53-32,5
 802               	.LM130:
 803 0356 AE9A      		sbi 53-32,6
 804               	.LM131:
 805 0358 AF9A      		sbi 53-32,7
 806               	/* epilogue start */
 807               	.LM132:
 808 035a 0895      		ret
 809               	.LFE27:
 812               	lcd_waitbusy:
 813               	.LFB29:
 814               	.LM133:
 815               	/* prologue: function */
 816               	/* frame size = 0 */
 817               	.LBB67:
 818               	.LBB68:
 819               	.LM134:
 820 035c 80E0      		ldi r24,lo8(9984)
 821 035e 97E2      		ldi r25,hi8(9984)
 822               	.LVL43:
 823               	/* #APP */
 824               	 ;  339 "lcd.h" 1
 825 0360 0197      		1: sbiw r24,1
 826 0362 01F4      		brne 1b
 827               	 ;  0 "" 2
 828               	/* #NOAPP */
 829               	.LBE68:
 830               	.LBE67:
 831               	.LBB69:
 832               	.LBB70:
 833 0364 84E0      		ldi r24,lo8(4)
 834 0366 90E0      		ldi r25,hi8(4)
 835               	.LVL44:
 836               	/* #APP */
 837               	 ;  339 "lcd.h" 1
 838 0368 0197      		1: sbiw r24,1
 839 036a 01F4      		brne 1b
 840               	 ;  0 "" 2
 841               	/* #NOAPP */
 842               	.LBE70:
 843               	.LBE69:
 844               	.LBB71:
 845               	.LBB72:
 846               	.LM135:
 847 036c DC98      		cbi 59-32,4
 848               	.LM136:
 849 036e DD9A      		sbi 59-32,5
 850               	.LM137:
 851 0370 A498      		cbi 52-32,4
 852               	.LM138:
 853 0372 A598      		cbi 52-32,5
 854               	.LM139:
 855 0374 A698      		cbi 52-32,6
 856               	.LM140:
 857 0376 A798      		cbi 52-32,7
 858               	.LM141:
 859 0378 DE9A      		sbi 59-32,6
 860               	.LM142:
 861               	/* #APP */
 862               	 ;  493 "lcd.h" 1
 863 037a 00C0      		rjmp 1f
 864               	 1:
 865               	 ;  0 "" 2
 866               	.LM143:
 867               	/* #NOAPP */
 868 037c 9C9B      		sbis 51-32,4
 869 037e 00C0      		rjmp .L78
 870 0380 80E1      		ldi r24,lo8(16)
 871               	.LVL45:
 872 0382 00C0      		rjmp .L79
 873               	.LVL46:
 874               	.L78:
 875 0384 80E0      		ldi r24,lo8(0)
 876               	.LVL47:
 877               	.L79:
 878               	.LM144:
 879 0386 9D99      		sbic 51-32,5
 880 0388 8062      		ori r24,lo8(32)
 881               	.L80:
 882               	.LM145:
 883 038a 9E99      		sbic 51-32,6
 884 038c 8064      		ori r24,lo8(64)
 885               	.L81:
 886               	.LM146:
 887 038e 9F99      		sbic 51-32,7
 888 0390 8068      		ori r24,lo8(-128)
 889               	.L82:
 890               	.LM147:
 891 0392 DE98      		cbi 59-32,6
 892               	.LM148:
 893               	/* #APP */
 894               	 ;  501 "lcd.h" 1
 895 0394 00C0      		rjmp 1f
 896               	 1:
 897               	 ;  0 "" 2
 898               	.LM149:
 899               	/* #NOAPP */
 900 0396 DE9A      		sbi 59-32,6
 901               	.LM150:
 902               	/* #APP */
 903               	 ;  505 "lcd.h" 1
 904 0398 00C0      		rjmp 1f
 905               	 1:
 906               	 ;  0 "" 2
 907               	.LM151:
 908               	/* #NOAPP */
 909 039a 9C99      		sbic 51-32,4
 910 039c 8160      		ori r24,lo8(1)
 911               	.L83:
 912               	.LM152:
 913 039e 9D99      		sbic 51-32,5
 914 03a0 8260      		ori r24,lo8(2)
 915               	.L84:
 916               	.LM153:
 917 03a2 9E99      		sbic 51-32,6
 918 03a4 8460      		ori r24,lo8(4)
 919               	.L85:
 920               	.LM154:
 921 03a6 9F99      		sbic 51-32,7
 922 03a8 8860      		ori r24,lo8(8)
 923               	.L86:
 924               	.LM155:
 925 03aa DE98      		cbi 59-32,6
 926               	.LVL48:
 927               	/* epilogue start */
 928               	.LBE72:
 929               	.LBE71:
 930               	.LM156:
 931 03ac 0895      		ret
 932               	.LFE29:
 934               	.global	lcd_command
 936               	lcd_command:
 937               	.LFB31:
 938               	.LM157:
 939               	.LVL49:
 940 03ae 1F93      		push r17
 941               	/* prologue: function */
 942               	/* frame size = 0 */
 943 03b0 182F      		mov r17,r24
 944               	.LM158:
 945 03b2 0E94 0000 		call lcd_waitbusy
 946               	.LVL50:
 947               	.LM159:
 948 03b6 812F      		mov r24,r17
 949 03b8 60E0      		ldi r22,lo8(0)
 950 03ba 0E94 0000 		call lcd_write
 951               	/* epilogue start */
 952               	.LM160:
 953 03be 1F91      		pop r17
 954               	.LVL51:
 955 03c0 0895      		ret
 956               	.LFE31:
 958               	.global	lcd_data
 960               	lcd_data:
 961               	.LFB32:
 962               	.LM161:
 963               	.LVL52:
 964 03c2 1F93      		push r17
 965               	/* prologue: function */
 966               	/* frame size = 0 */
 967 03c4 182F      		mov r17,r24
 968               	.LM162:
 969 03c6 0E94 0000 		call lcd_waitbusy
 970               	.LVL53:
 971               	.LM163:
 972 03ca 812F      		mov r24,r17
 973 03cc 61E0      		ldi r22,lo8(1)
 974 03ce 0E94 0000 		call lcd_write
 975               	/* epilogue start */
 976               	.LM164:
 977 03d2 1F91      		pop r17
 978               	.LVL54:
 979 03d4 0895      		ret
 980               	.LFE32:
 982               	.global	lcd_gotoxy
 984               	lcd_gotoxy:
 985               	.LFB33:
 986               	.LM165:
 987               	.LVL55:
 988               	/* prologue: function */
 989               	/* frame size = 0 */
 990               	.LM166:
 991 03d6 6623      		tst r22
 992 03d8 01F4      		brne .L93
 993               	.LM167:
 994 03da 8058      		subi r24,lo8(-(-128))
 995               	.LVL56:
 996 03dc 00C0      		rjmp .L96
 997               	.LVL57:
 998               	.L93:
 999               	.LM168:
 1000 03de 8054      		subi r24,lo8(-(-64))
 1001               	.LVL58:
 1002               	.L96:
 1003 03e0 0E94 0000 		call lcd_command
 1004               	.LVL59:
 1005 03e4 0895      		ret
 1006               	.LFE33:
 1008               	.global	lcd_getxy
 1010               	lcd_getxy:
 1011               	.LFB34:
 1012               	.LM169:
 1013               	/* prologue: function */
 1014               	/* frame size = 0 */
 1015               	.LM170:
 1016 03e6 0E94 0000 		call lcd_waitbusy
 1017               	.LM171:
 1018 03ea 90E0      		ldi r25,lo8(0)
 1019               	/* epilogue start */
 1020 03ec 0895      		ret
 1021               	.LFE34:
 1023               	.global	lcd_clear
 1025               	lcd_clear:
 1026               	.LFB35:
 1027               	.LM172:
 1028               	/* prologue: function */
 1029               	/* frame size = 0 */
 1030               	.LM173:
 1031 03ee 81E0      		ldi r24,lo8(1)
 1032 03f0 0E94 0000 		call lcd_command
 1033               	/* epilogue start */
 1034               	.LM174:
 1035 03f4 0895      		ret
 1036               	.LFE35:
 1038               	.global	lcd_home
 1040               	lcd_home:
 1041               	.LFB37:
 1042               	.LM175:
 1043               	/* prologue: function */
 1044               	/* frame size = 0 */
 1045               	.LM176:
 1046 03f6 82E0      		ldi r24,lo8(2)
 1047 03f8 0E94 0000 		call lcd_command
 1048               	/* epilogue start */
 1049               	.LM177:
 1050 03fc 0895      		ret
 1051               	.LFE37:
 1053               	.global	lcd_putc
 1055               	lcd_putc:
 1056               	.LFB38:
 1057               	.LM178:
 1058               	.LVL60:
 1059 03fe 1F93      		push r17
 1060               	/* prologue: function */
 1061               	/* frame size = 0 */
 1062 0400 182F      		mov r17,r24
 1063               	.LM179:
 1064 0402 0E94 0000 		call lcd_waitbusy
 1065               	.LVL61:
 1066               	.LM180:
 1067 0406 1A30      		cpi r17,lo8(10)
 1068 0408 01F4      		brne .L104
 1069               	.LBB73:
 1070               	.LBB74:
 1071               	.LM181:
 1072 040a 8034      		cpi r24,lo8(64)
 1073               	.LVL62:
 1074 040c 00F0      		brlo .L105
 1075 040e 80E0      		ldi r24,lo8(0)
 1076               	.LVL63:
 1077 0410 00C0      		rjmp .L106
 1078               	.LVL64:
 1079               	.L105:
 1080 0412 80E4      		ldi r24,lo8(64)
 1081               	.LVL65:
 1082               	.L106:
 1083               	.LM182:
 1084 0414 8058      		subi r24,lo8(-(-128))
 1085               	.LVL66:
 1086 0416 0E94 0000 		call lcd_command
 1087 041a 00C0      		rjmp .L108
 1088               	.L104:
 1089               	.LBE74:
 1090               	.LBE73:
 1091               	.LM183:
 1092 041c 812F      		mov r24,r17
 1093 041e 61E0      		ldi r22,lo8(1)
 1094 0420 0E94 0000 		call lcd_write
 1095               	.L108:
 1096               	/* epilogue start */
 1097               	.LM184:
 1098 0424 1F91      		pop r17
 1099               	.LVL67:
 1100 0426 0895      		ret
 1101               	.LFE38:
 1103               	.global	lcd_string
 1105               	lcd_string:
 1106               	.LFB39:
 1107               	.LM185:
 1108               	.LVL68:
 1109 0428 CF93      		push r28
 1110 042a DF93      		push r29
 1111               	/* prologue: function */
 1112               	/* frame size = 0 */
 1113 042c EC01      		movw r28,r24
 1114 042e 00C0      		rjmp .L110
 1115               	.LVL69:
 1116               	.L111:
 1117               	.LM186:
 1118 0430 0E94 0000 		call lcd_putc
 1119               	.LVL70:
 1120               	.L110:
 1121               	.LM187:
 1122 0434 8991      		ld r24,Y+
 1123               	.LVL71:
 1124 0436 8823      		tst r24
 1125 0438 01F4      		brne .L111
 1126               	/* epilogue start */
 1127               	.LM188:
 1128 043a DF91      		pop r29
 1129 043c CF91      		pop r28
 1130               	.LVL72:
 1131 043e 0895      		ret
 1132               	.LFE39:
 1134               	.global	lcd_puts_p
 1136               	lcd_puts_p:
 1137               	.LFB40:
 1138               	.LM189:
 1139               	.LVL73:
 1140 0440 CF93      		push r28
 1141 0442 DF93      		push r29
 1142               	/* prologue: function */
 1143               	/* frame size = 0 */
 1144 0444 EC01      		movw r28,r24
 1145 0446 00C0      		rjmp .L114
 1146               	.LVL74:
 1147               	.L115:
 1148               	.LM190:
 1149 0448 0E94 0000 		call lcd_putc
 1150               	.LVL75:
 1151               	.L114:
 1152 044c FE01      		movw r30,r28
 1153               	.LVL76:
 1154               	.LBB75:
 1155               	.LM191:
 1156 044e 2196      		adiw r28,1
 1157               	/* #APP */
 1158               	 ;  758 "lcd.h" 1
 1159 0450 8491      		lpm r24, Z
 1160               		
 1161               	 ;  0 "" 2
 1162               	.LVL77:
 1163               	/* #NOAPP */
 1164               	.LBE75:
 1165 0452 8823      		tst r24
 1166 0454 01F4      		brne .L115
 1167               	/* epilogue start */
 1168               	.LM192:
 1169 0456 DF91      		pop r29
 1170 0458 CF91      		pop r28
 1171               	.LVL78:
 1172 045a 0895      		ret
 1173               	.LFE40:
 1175               	.global	lcd_string_X
 1177               	lcd_string_X:
 1178               	.LFB41:
 1179               	.LM193:
 1180               	.LVL79:
 1181 045c CF93      		push r28
 1182 045e DF93      		push r29
 1183               	/* prologue: function */
 1184               	/* frame size = 0 */
 1185 0460 EC01      		movw r28,r24
 1186 0462 00C0      		rjmp .L118
 1187               	.LVL80:
 1188               	.L119:
 1189               	.LM194:
 1190 0464 0E94 0000 		call lcd_putc
 1191               	.LVL81:
 1192               	.L118:
 1193 0468 FE01      		movw r30,r28
 1194               	.LVL82:
 1195               	.LBB76:
 1196               	.LM195:
 1197 046a 2196      		adiw r28,1
 1198               	/* #APP */
 1199               	 ;  775 "lcd.h" 1
 1200 046c 8491      		lpm r24, Z
 1201               		
 1202               	 ;  0 "" 2
 1203               	.LVL83:
 1204               	/* #NOAPP */
 1205               	.LBE76:
 1206 046e 8823      		tst r24
 1207 0470 01F4      		brne .L119
 1208               	/* epilogue start */
 1209               	.LM196:
 1210 0472 DF91      		pop r29
 1211 0474 CF91      		pop r28
 1212               	.LVL84:
 1213 0476 0895      		ret
 1214               	.LFE41:
 1216               	.global	lcd_init
 1218               	lcd_init:
 1219               	.LFB42:
 1220               	.LM197:
 1221               	/* prologue: function */
 1222               	/* frame size = 0 */
 1223               	.LM198:
 1224 0478 D49A      		sbi 58-32,4
 1225               	.LM199:
 1226 047a D59A      		sbi 58-32,5
 1227               	.LM200:
 1228 047c D69A      		sbi 58-32,6
 1229               	.LM201:
 1230 047e A49A      		sbi 52-32,4
 1231               	.LM202:
 1232 0480 A59A      		sbi 52-32,5
 1233               	.LM203:
 1234 0482 A69A      		sbi 52-32,6
 1235               	.LM204:
 1236 0484 A79A      		sbi 52-32,7
 1237               	.LBB77:
 1238               	.LBB78:
 1239               	.LM205:
 1240 0486 80E0      		ldi r24,lo8(32000)
 1241 0488 9DE7      		ldi r25,hi8(32000)
 1242               	.LVL85:
 1243               	/* #APP */
 1244               	 ;  339 "lcd.h" 1
 1245 048a 0197      		1: sbiw r24,1
 1246 048c 01F4      		brne 1b
 1247               	 ;  0 "" 2
 1248               	/* #NOAPP */
 1249               	.LBE78:
 1250               	.LBE77:
 1251               	.LM206:
 1252 048e AD9A      		sbi 53-32,5
 1253               	.LM207:
 1254 0490 AC9A      		sbi 53-32,4
 1255               	.LBB79:
 1256               	.LBB80:
 1257               	.LM208:
 1258 0492 DE9A      		sbi 59-32,6
 1259               	.LM209:
 1260               	/* #APP */
 1261               	 ;  360 "lcd.h" 1
 1262 0494 00C0      		rjmp 1f
 1263               	 1:
 1264               	 ;  0 "" 2
 1265               	.LM210:
 1266               	/* #NOAPP */
 1267 0496 DE98      		cbi 59-32,6
 1268               	.LBE80:
 1269               	.LBE79:
 1270               	.LBB81:
 1271               	.LBB82:
 1272               	.LM211:
 1273 0498 80E0      		ldi r24,lo8(9984)
 1274 049a 97E2      		ldi r25,hi8(9984)
 1275               	.LVL86:
 1276               	/* #APP */
 1277               	 ;  339 "lcd.h" 1
 1278 049c 0197      		1: sbiw r24,1
 1279 049e 01F4      		brne 1b
 1280               	 ;  0 "" 2
 1281               	/* #NOAPP */
 1282               	.LBE82:
 1283               	.LBE81:
 1284               	.LBB83:
 1285               	.LBB84:
 1286               	.LM212:
 1287 04a0 DE9A      		sbi 59-32,6
 1288               	.LM213:
 1289               	/* #APP */
 1290               	 ;  360 "lcd.h" 1
 1291 04a2 00C0      		rjmp 1f
 1292               	 1:
 1293               	 ;  0 "" 2
 1294               	.LM214:
 1295               	/* #NOAPP */
 1296 04a4 DE98      		cbi 59-32,6
 1297               	.LBE84:
 1298               	.LBE83:
 1299               	.LBB85:
 1300               	.LBB86:
 1301               	.LM215:
 1302 04a6 80E8      		ldi r24,lo8(128)
 1303 04a8 90E0      		ldi r25,hi8(128)
 1304               	.LVL87:
 1305 04aa FC01      		movw r30,r24
 1306               	.LVL88:
 1307               	/* #APP */
 1308               	 ;  339 "lcd.h" 1
 1309 04ac 3197      		1: sbiw r30,1
 1310 04ae 01F4      		brne 1b
 1311               	 ;  0 "" 2
 1312               	/* #NOAPP */
 1313               	.LBE86:
 1314               	.LBE85:
 1315               	.LBB87:
 1316               	.LBB88:
 1317               	.LM216:
 1318 04b0 DE9A      		sbi 59-32,6
 1319               	.LM217:
 1320               	/* #APP */
 1321               	 ;  360 "lcd.h" 1
 1322 04b2 00C0      		rjmp 1f
 1323               	 1:
 1324               	 ;  0 "" 2
 1325               	.LM218:
 1326               	/* #NOAPP */
 1327 04b4 DE98      		cbi 59-32,6
 1328               	.LBE88:
 1329               	.LBE87:
 1330               	.LBB89:
 1331               	.LBB90:
 1332               	.LM219:
 1333 04b6 FC01      		movw r30,r24
 1334               	.LVL89:
 1335               	/* #APP */
 1336               	 ;  339 "lcd.h" 1
 1337 04b8 3197      		1: sbiw r30,1
 1338 04ba 01F4      		brne 1b
 1339               	 ;  0 "" 2
 1340               	/* #NOAPP */
 1341               	.LBE90:
 1342               	.LBE89:
 1343               	.LM220:
 1344 04bc AC98      		cbi 53-32,4
 1345               	.LBB91:
 1346               	.LBB92:
 1347               	.LM221:
 1348 04be DE9A      		sbi 59-32,6
 1349               	.LM222:
 1350               	/* #APP */
 1351               	 ;  360 "lcd.h" 1
 1352 04c0 00C0      		rjmp 1f
 1353               	 1:
 1354               	 ;  0 "" 2
 1355               	.LM223:
 1356               	/* #NOAPP */
 1357 04c2 DE98      		cbi 59-32,6
 1358               	.LBE92:
 1359               	.LBE91:
 1360               	.LBB93:
 1361               	.LBB94:
 1362               	.LM224:
 1363               	/* #APP */
 1364               	 ;  339 "lcd.h" 1
 1365 04c4 0197      		1: sbiw r24,1
 1366 04c6 01F4      		brne 1b
 1367               	 ;  0 "" 2
 1368               	.LVL90:
 1369               	/* #NOAPP */
 1370               	.LBE94:
 1371               	.LBE93:
 1372               	.LM225:
 1373 04c8 88E2      		ldi r24,lo8(40)
 1374               	.LVL91:
 1375 04ca 0E94 0000 		call lcd_command
 1376               	.LVL92:
 1377               	.LM226:
 1378 04ce 88E0      		ldi r24,lo8(8)
 1379 04d0 0E94 0000 		call lcd_command
 1380               	.LM227:
 1381 04d4 0E94 0000 		call lcd_clear
 1382               	.LM228:
 1383 04d8 86E0      		ldi r24,lo8(6)
 1384 04da 0E94 0000 		call lcd_command
 1385               	.LM229:
 1386 04de 8CE0      		ldi r24,lo8(12)
 1387 04e0 0E94 0000 		call lcd_command
 1388               	/* epilogue start */
 1389               	.LM230:
 1390 04e4 0895      		ret
 1391               	.LFE42:
 1393               		.data
 1394               	.LC0:
 1395 0000 7765 6C63 		.string	"welcome"
 1395      6F6D 6500 
 1396               	.LC1:
 1397 0008 4A69 6F46 		.string	"JioFi2_17F9CF"
 1397      6932 5F31 
 1397      3746 3943 
 1397      4600 
 1398               	.LC2:
 1399 0016 6D6E 6D73 		.string	"mnms7zi2si"
 1399      377A 6932 
 1399      7369 00
 1400               	.LC3:
 1401 0021 7769 6669 		.string	"wifi_conntd"
 1401      5F63 6F6E 
 1401      6E74 6400 
 1402               	.LC4:
 1403 002d 6765 7469 		.string	"geting_info"
 1403      6E67 5F69 
 1403      6E66 6F00 
 1404               	.LC5:
 1405 0039 6672 6F6D 		.string	"from_server"
 1405      5F73 6572 
 1405      7665 7200 
 1406               	.LC6:
 1407 0045 6874 7470 		.string	"http://api.clobous.com/Hari1311/data/retrieve?door"
 1407      3A2F 2F61 
 1407      7069 2E63 
 1407      6C6F 626F 
 1407      7573 2E63 
 1408               	.LC7:
 1409 0078 646F 6F72 		.string	"door"
 1409      00
 1410               	.LC8:
 1411 007d 6C6F 636B 		.string	"lock"
 1411      00
 1412               	.LC9:
 1413 0082 756E 6C6F 		.string	"unlock"
 1413      636B 00
 1414               		.text
 1415               	.global	main
 1417               	main:
 1418               	.LFB43:
 1419               	.LM231:
 1420 04e6 AF92      		push r10
 1421 04e8 BF92      		push r11
 1422 04ea CF92      		push r12
 1423 04ec DF92      		push r13
 1424 04ee EF92      		push r14
 1425 04f0 FF92      		push r15
 1426 04f2 0F93      		push r16
 1427 04f4 1F93      		push r17
 1428 04f6 DF93      		push r29
 1429 04f8 CF93      		push r28
 1430 04fa CDB7      		in r28,__SP_L__
 1431 04fc DEB7      		in r29,__SP_H__
 1432 04fe E297      		sbiw r28,50
 1433 0500 0FB6      		in __tmp_reg__,__SREG__
 1434 0502 F894      		cli
 1435 0504 DEBF      		out __SP_H__,r29
 1436 0506 0FBE      		out __SREG__,__tmp_reg__
 1437 0508 CDBF      		out __SP_L__,r28
 1438               	/* prologue: function */
 1439               	/* frame size = 50 */
 1440               	.LM232:
 1441 050a 0E94 0000 		call lcd_init
 1442               	.LM233:
 1443 050e 80E0      		ldi r24,lo8(.LC0)
 1444 0510 90E0      		ldi r25,hi8(.LC0)
 1445 0512 0E94 0000 		call lcd_string
 1446               	.LM234:
 1447 0516 80E8      		ldi r24,lo8(9600)
 1448 0518 95E2      		ldi r25,hi8(9600)
 1449 051a 0E94 0000 		call serial_init
 1450               	.LM235:
 1451 051e 82E0      		ldi r24,lo8(2)
 1452 0520 90E0      		ldi r25,hi8(2)
 1453 0522 0E94 0000 		call serial_select
 1454               	.LM236:
 1455 0526 0E94 0000 		call wifi_init
 1456               	.LM237:
 1457 052a 80E0      		ldi r24,lo8(.LC1)
 1458 052c 90E0      		ldi r25,hi8(.LC1)
 1459 052e 60E0      		ldi r22,lo8(.LC2)
 1460 0530 70E0      		ldi r23,hi8(.LC2)
 1461 0532 0E94 0000 		call wifi_connect
 1462 0536 80E1      		ldi r24,lo8(10000)
 1463 0538 97E2      		ldi r25,hi8(10000)
 1464               	.LVL93:
 1465               	.LBB95:
 1466               	.LBB96:
 1467               	.LBB97:
 1468               	.LBB98:
 1469               	.LM238:
 1470 053a 20E9      		ldi r18,lo8(400)
 1471 053c 31E0      		ldi r19,hi8(400)
 1472               	.L124:
 1473 053e F901      		movw r30,r18
 1474               	.LVL94:
 1475               	/* #APP */
 1476               	 ;  105 "c:/winavr-20100110/lib/gcc/../../avr/include/util/delay_basic.h" 1
 1477 0540 3197      		1: sbiw r30,1
 1478 0542 01F4      		brne 1b
 1479               	 ;  0 "" 2
 1480               	/* #NOAPP */
 1481               	.LBE98:
 1482               	.LBE97:
 1483               	.LM239:
 1484 0544 0197      		sbiw r24,1
 1485               	.LM240:
 1486 0546 01F4      		brne .L124
 1487               	.LBE96:
 1488               	.LBE95:
 1489               	.LM241:
 1490 0548 80E0      		ldi r24,lo8(.LC3)
 1491 054a 90E0      		ldi r25,hi8(.LC3)
 1492               	.LVL95:
 1493 054c 0E94 0000 		call lcd_string
 1494               	.LVL96:
 1495 0550 80E1      		ldi r24,lo8(10000)
 1496 0552 97E2      		ldi r25,hi8(10000)
 1497               	.LVL97:
 1498               	.LBB99:
 1499               	.LBB100:
 1500               	.LBB101:
 1501               	.LBB102:
 1502               	.LM242:
 1503 0554 20E9      		ldi r18,lo8(400)
 1504 0556 31E0      		ldi r19,hi8(400)
 1505               	.L125:
 1506 0558 F901      		movw r30,r18
 1507               	.LVL98:
 1508               	/* #APP */
 1509               	 ;  105 "c:/winavr-20100110/lib/gcc/../../avr/include/util/delay_basic.h" 1
 1510 055a 3197      		1: sbiw r30,1
 1511 055c 01F4      		brne 1b
 1512               	 ;  0 "" 2
 1513               	/* #NOAPP */
 1514               	.LBE102:
 1515               	.LBE101:
 1516               	.LM243:
 1517 055e 0197      		sbiw r24,1
 1518               	.LM244:
 1519 0560 01F4      		brne .L125
 1520               	.LBE100:
 1521               	.LBE99:
 1522               	.LM245:
 1523 0562 0E94 0000 		call servo_init
 1524               	.LVL99:
 1525               	.LM246:
 1526 0566 7E01      		movw r14,r28
 1527 0568 0894      		sec
 1528 056a E11C      		adc r14,__zero_reg__
 1529 056c F11C      		adc r15,__zero_reg__
 1530               	.LM247:
 1531 056e 8E01      		movw r16,r28
 1532 0570 065E      		subi r16,lo8(-(26))
 1533 0572 1F4F      		sbci r17,hi8(-(26))
 1534               	.LBB103:
 1535               	.LBB104:
 1536               	.LM248:
 1537 0574 95E1      		ldi r25,lo8(533)
 1538 0576 A92E      		mov r10,r25
 1539 0578 92E0      		ldi r25,hi8(533)
 1540 057a B92E      		mov r11,r25
 1541               	.LBE104:
 1542               	.LBE103:
 1543               	.LBB106:
 1544               	.LBB107:
 1545               	.LM249:
 1546 057c 82E8      		ldi r24,lo8(130)
 1547 057e C82E      		mov r12,r24
 1548 0580 D12C      		mov r13,__zero_reg__
 1549               	.L133:
 1550               	.LBE107:
 1551               	.LBE106:
 1552               	.LM250:
 1553 0582 80E0      		ldi r24,lo8(.LC4)
 1554 0584 90E0      		ldi r25,hi8(.LC4)
 1555 0586 0E94 0000 		call lcd_string
 1556               	.LM251:
 1557 058a 80E0      		ldi r24,lo8(0)
 1558 058c 61E0      		ldi r22,lo8(1)
 1559 058e 0E94 0000 		call lcd_gotoxy
 1560               	.LM252:
 1561 0592 80E0      		ldi r24,lo8(.LC5)
 1562 0594 90E0      		ldi r25,hi8(.LC5)
 1563 0596 0E94 0000 		call lcd_string
 1564               	.LM253:
 1565 059a 80E0      		ldi r24,lo8(.LC6)
 1566 059c 90E0      		ldi r25,hi8(.LC6)
 1567 059e B701      		movw r22,r14
 1568 05a0 0E94 0000 		call wifi_http
 1569               	.LM254:
 1570 05a4 0E94 0000 		call lcd_clear
 1571               	.LM255:
 1572 05a8 C701      		movw r24,r14
 1573 05aa 0E94 0000 		call lcd_string
 1574               	.LM256:
 1575 05ae C701      		movw r24,r14
 1576 05b0 60E0      		ldi r22,lo8(.LC7)
 1577 05b2 70E0      		ldi r23,hi8(.LC7)
 1578 05b4 A801      		movw r20,r16
 1579 05b6 0E94 0000 		call jsonparser
 1580               	.LM257:
 1581 05ba C801      		movw r24,r16
 1582 05bc 60E0      		ldi r22,lo8(.LC8)
 1583 05be 70E0      		ldi r23,hi8(.LC8)
 1584 05c0 0E94 0000 		call compare
 1585 05c4 0197      		sbiw r24,1
 1586 05c6 01F4      		brne .L126
 1587               	.LBB109:
 1588               	.LBB105:
 1589               	.LM258:
 1590 05c8 BBBC      		out (74)+1-32,r11
 1591 05ca AABC      		out 74-32,r10
 1592               	.L126:
 1593               	.LBE105:
 1594               	.LBE109:
 1595               	.LM259:
 1596 05cc C801      		movw r24,r16
 1597 05ce 60E0      		ldi r22,lo8(.LC9)
 1598 05d0 70E0      		ldi r23,hi8(.LC9)
 1599 05d2 0E94 0000 		call compare
 1600 05d6 0197      		sbiw r24,1
 1601 05d8 01F4      		brne .L133
 1602               	.LBB110:
 1603               	.LBB108:
 1604               	.LM260:
 1605 05da DBBC      		out (74)+1-32,r13
 1606 05dc CABC      		out 74-32,r12
 1607 05de 00C0      		rjmp .L133
 1608               	.LBE108:
 1609               	.LBE110:
 1610               	.LFE43:
 1612               	.global	lcd_num
 1614               	lcd_num:
 1615               	.LFB36:
 1616               	.LM261:
 1617               	.LVL100:
 1618 05e0 0F93      		push r16
 1619 05e2 1F93      		push r17
 1620 05e4 DF93      		push r29
 1621 05e6 CF93      		push r28
 1622 05e8 CDB7      		in r28,__SP_L__
 1623 05ea DEB7      		in r29,__SP_H__
 1624 05ec 2797      		sbiw r28,7
 1625 05ee 0FB6      		in __tmp_reg__,__SREG__
 1626 05f0 F894      		cli
 1627 05f2 DEBF      		out __SP_H__,r29
 1628 05f4 0FBE      		out __SREG__,__tmp_reg__
 1629 05f6 CDBF      		out __SP_L__,r28
 1630               	/* prologue: function */
 1631               	/* frame size = 7 */
 1632               	.LM262:
 1633 05f8 8E01      		movw r16,r28
 1634 05fa 0F5F      		subi r16,lo8(-(1))
 1635 05fc 1F4F      		sbci r17,hi8(-(1))
 1636 05fe A801      		movw r20,r16
 1637 0600 2AE0      		ldi r18,lo8(10)
 1638 0602 30E0      		ldi r19,hi8(10)
 1639 0604 0E94 0000 		call ltoa
 1640               	.LVL101:
 1641               	.LM263:
 1642 0608 C801      		movw r24,r16
 1643 060a 0E94 0000 		call lcd_string
 1644               	/* epilogue start */
 1645               	.LM264:
 1646 060e 2796      		adiw r28,7
 1647 0610 0FB6      		in __tmp_reg__,__SREG__
 1648 0612 F894      		cli
 1649 0614 DEBF      		out __SP_H__,r29
 1650 0616 0FBE      		out __SREG__,__tmp_reg__
 1651 0618 CDBF      		out __SP_L__,r28
 1652 061a CF91      		pop r28
 1653 061c DF91      		pop r29
 1654 061e 1F91      		pop r17
 1655 0620 0F91      		pop r16
 1656 0622 0895      		ret
 1657               	.LFE36:
 1659               	.global	serial_numl
 1661               	serial_numl:
 1662               	.LFB10:
 1663               	.LM265:
 1664               	.LVL102:
 1665 0624 0F93      		push r16
 1666 0626 1F93      		push r17
 1667 0628 DF93      		push r29
 1668 062a CF93      		push r28
 1669 062c CDB7      		in r28,__SP_L__
 1670 062e DEB7      		in r29,__SP_H__
 1671 0630 2797      		sbiw r28,7
 1672 0632 0FB6      		in __tmp_reg__,__SREG__
 1673 0634 F894      		cli
 1674 0636 DEBF      		out __SP_H__,r29
 1675 0638 0FBE      		out __SREG__,__tmp_reg__
 1676 063a CDBF      		out __SP_L__,r28
 1677               	/* prologue: function */
 1678               	/* frame size = 7 */
 1679               	.LM266:
 1680 063c 8E01      		movw r16,r28
 1681 063e 0F5F      		subi r16,lo8(-(1))
 1682 0640 1F4F      		sbci r17,hi8(-(1))
 1683 0642 A801      		movw r20,r16
 1684 0644 2AE0      		ldi r18,lo8(10)
 1685 0646 30E0      		ldi r19,hi8(10)
 1686 0648 0E94 0000 		call ltoa
 1687               	.LVL103:
 1688               	.LM267:
 1689 064c C801      		movw r24,r16
 1690 064e 0E94 0000 		call serial_string
 1691               	/* epilogue start */
 1692               	.LM268:
 1693 0652 2796      		adiw r28,7
 1694 0654 0FB6      		in __tmp_reg__,__SREG__
 1695 0656 F894      		cli
 1696 0658 DEBF      		out __SP_H__,r29
 1697 065a 0FBE      		out __SREG__,__tmp_reg__
 1698 065c CDBF      		out __SP_L__,r28
 1699 065e CF91      		pop r28
 1700 0660 DF91      		pop r29
 1701 0662 1F91      		pop r17
 1702 0664 0F91      		pop r16
 1703 0666 0895      		ret
 1704               	.LFE10:
 1706               	.global	serial_num
 1708               	serial_num:
 1709               	.LFB11:
 1710               	.LM269:
 1711               	.LVL104:
 1712 0668 0F93      		push r16
 1713 066a 1F93      		push r17
 1714 066c DF93      		push r29
 1715 066e CF93      		push r28
 1716 0670 CDB7      		in r28,__SP_L__
 1717 0672 DEB7      		in r29,__SP_H__
 1718 0674 2797      		sbiw r28,7
 1719 0676 0FB6      		in __tmp_reg__,__SREG__
 1720 0678 F894      		cli
 1721 067a DEBF      		out __SP_H__,r29
 1722 067c 0FBE      		out __SREG__,__tmp_reg__
 1723 067e CDBF      		out __SP_L__,r28
 1724               	/* prologue: function */
 1725               	/* frame size = 7 */
 1726               	.LM270:
 1727 0680 8E01      		movw r16,r28
 1728 0682 0F5F      		subi r16,lo8(-(1))
 1729 0684 1F4F      		sbci r17,hi8(-(1))
 1730 0686 B801      		movw r22,r16
 1731 0688 4AE0      		ldi r20,lo8(10)
 1732 068a 50E0      		ldi r21,hi8(10)
 1733 068c 0E94 0000 		call itoa
 1734               	.LVL105:
 1735               	.LM271:
 1736 0690 C801      		movw r24,r16
 1737 0692 0E94 0000 		call serial_string
 1738               	/* epilogue start */
 1739               	.LM272:
 1740 0696 2796      		adiw r28,7
 1741 0698 0FB6      		in __tmp_reg__,__SREG__
 1742 069a F894      		cli
 1743 069c DEBF      		out __SP_H__,r29
 1744 069e 0FBE      		out __SREG__,__tmp_reg__
 1745 06a0 CDBF      		out __SP_L__,r28
 1746 06a2 CF91      		pop r28
 1747 06a4 DF91      		pop r29
 1748 06a6 1F91      		pop r17
 1749 06a8 0F91      		pop r16
 1750 06aa 0895      		ret
 1751               	.LFE11:
 1753               		.comm URBuff,300,1
 1754               		.comm UQFront,1,1
 1755               		.comm UQEnd,1,1
 2044               	.Letext0:
DEFINED SYMBOLS
                            *ABS*:00000000 GoogleVoiceAssiantantBasedSmartDoorLock.c
C:\Users\user\AppData\Local\Temp/ccsH80rt.s:2      *ABS*:0000003f __SREG__
C:\Users\user\AppData\Local\Temp/ccsH80rt.s:3      *ABS*:0000003e __SP_H__
C:\Users\user\AppData\Local\Temp/ccsH80rt.s:4      *ABS*:0000003d __SP_L__
C:\Users\user\AppData\Local\Temp/ccsH80rt.s:5      *ABS*:00000034 __CCP__
C:\Users\user\AppData\Local\Temp/ccsH80rt.s:6      *ABS*:00000000 __tmp_reg__
C:\Users\user\AppData\Local\Temp/ccsH80rt.s:7      *ABS*:00000001 __zero_reg__
C:\Users\user\AppData\Local\Temp/ccsH80rt.s:18     .text:00000000 serial_init
                            *COM*:00000001 UQEnd
                            *COM*:00000001 UQFront
C:\Users\user\AppData\Local\Temp/ccsH80rt.s:84     .text:00000054 serial_finit
C:\Users\user\AppData\Local\Temp/ccsH80rt.s:171    .text:000000d0 serial_read
                            *COM*:0000012c URBuff
C:\Users\user\AppData\Local\Temp/ccsH80rt.s:221    .text:0000011a serial_char
C:\Users\user\AppData\Local\Temp/ccsH80rt.s:240    .text:00000122 serial_string
C:\Users\user\AppData\Local\Temp/ccsH80rt.s:274    .text:00000136 serial_string_P
C:\Users\user\AppData\Local\Temp/ccsH80rt.s:313    .text:0000014a s_readbuffer
C:\Users\user\AppData\Local\Temp/ccsH80rt.s:363    .text:00000182 serial_available
C:\Users\user\AppData\Local\Temp/ccsH80rt.s:409    .text:000001c6 s_clearbuffer
C:\Users\user\AppData\Local\Temp/ccsH80rt.s:430    .text:000001d6 serial_nreadw
C:\Users\user\AppData\Local\Temp/ccsH80rt.s:465    .text:000001fc serial_nread
C:\Users\user\AppData\Local\Temp/ccsH80rt.s:505    .text:00000228 __vector_13
C:\Users\user\AppData\Local\Temp/ccsH80rt.s:585    .text:000002b2 urclear
C:\Users\user\AppData\Local\Temp/ccsH80rt.s:614    .text:000002c8 servo_init
C:\Users\user\AppData\Local\Temp/ccsH80rt.s:643    .text:000002e4 set_0
C:\Users\user\AppData\Local\Temp/ccsH80rt.s:660    .text:000002ee set_90
C:\Users\user\AppData\Local\Temp/ccsH80rt.s:677    .text:000002f8 set_180
C:\Users\user\AppData\Local\Temp/ccsH80rt.s:693    .text:00000302 lcd_write
C:\Users\user\AppData\Local\Temp/ccsH80rt.s:812    .text:0000035c lcd_waitbusy
C:\Users\user\AppData\Local\Temp/ccsH80rt.s:936    .text:000003ae lcd_command
C:\Users\user\AppData\Local\Temp/ccsH80rt.s:960    .text:000003c2 lcd_data
C:\Users\user\AppData\Local\Temp/ccsH80rt.s:984    .text:000003d6 lcd_gotoxy
C:\Users\user\AppData\Local\Temp/ccsH80rt.s:1010   .text:000003e6 lcd_getxy
C:\Users\user\AppData\Local\Temp/ccsH80rt.s:1025   .text:000003ee lcd_clear
C:\Users\user\AppData\Local\Temp/ccsH80rt.s:1040   .text:000003f6 lcd_home
C:\Users\user\AppData\Local\Temp/ccsH80rt.s:1055   .text:000003fe lcd_putc
C:\Users\user\AppData\Local\Temp/ccsH80rt.s:1105   .text:00000428 lcd_string
C:\Users\user\AppData\Local\Temp/ccsH80rt.s:1136   .text:00000440 lcd_puts_p
C:\Users\user\AppData\Local\Temp/ccsH80rt.s:1177   .text:0000045c lcd_string_X
C:\Users\user\AppData\Local\Temp/ccsH80rt.s:1218   .text:00000478 lcd_init
C:\Users\user\AppData\Local\Temp/ccsH80rt.s:1417   .text:000004e6 main
C:\Users\user\AppData\Local\Temp/ccsH80rt.s:1614   .text:000005e0 lcd_num
C:\Users\user\AppData\Local\Temp/ccsH80rt.s:1661   .text:00000624 serial_numl
C:\Users\user\AppData\Local\Temp/ccsH80rt.s:1708   .text:00000668 serial_num

UNDEFINED SYMBOLS
__udivmodsi4
__mulsi3
__divmodsi4
serial_select
wifi_init
wifi_connect
wifi_http
jsonparser
compare
ltoa
itoa
__do_copy_data
__do_clear_bss
